-------------------------------------------------------------------------------
Test set: com.jiedan.service.ai.ChatContinuationManualTest
-------------------------------------------------------------------------------
Tests run: 3, Failures: 3, Errors: 0, Skipped: 0, Time elapsed: 0.421 s <<< FAILURE! -- in com.jiedan.service.ai.ChatContinuationManualTest
com.jiedan.service.ai.ChatContinuationManualTest.testRequirementClarificationWithContinuation -- Time elapsed: 0.166 s <<< FAILURE!
java.lang.AssertionError: 需求文档以不完整的句子结尾: - 数据备份策略
	at com.jiedan.service.ai.ChatContinuationManualTest.validateResult(ChatContinuationManualTest.java:405)
	at com.jiedan.service.ai.ChatContinuationManualTest.testRequirementClarificationWithContinuation(ChatContinuationManualTest.java:94)
	at java.base/java.lang.reflect.Method.invoke(Method.java:568)
	at java.base/java.util.ArrayList.forEach(ArrayList.java:1511)
	at java.base/java.util.ArrayList.forEach(ArrayList.java:1511)

com.jiedan.service.ai.ChatContinuationManualTest.testContinuationWithSuperLongContent -- Time elapsed: 0.007 s <<< FAILURE!
java.lang.AssertionError: 超长需求文档以不完整的句子结尾: - 功能点3：详细描述
	at com.jiedan.service.ai.ChatContinuationManualTest.validateResult(ChatContinuationManualTest.java:405)
	at com.jiedan.service.ai.ChatContinuationManualTest.testContinuationWithSuperLongContent(ChatContinuationManualTest.java:156)
	at java.base/java.lang.reflect.Method.invoke(Method.java:568)
	at java.base/java.util.ArrayList.forEach(ArrayList.java:1511)
	at java.base/java.util.ArrayList.forEach(ArrayList.java:1511)

com.jiedan.service.ai.ChatContinuationManualTest.testTaskSplittingWithContinuation -- Time elapsed: 0.124 s <<< FAILURE!
java.lang.AssertionError: 任务文档以不完整的句子结尾: - 异常处理：全局异常处理器
	at com.jiedan.service.ai.ChatContinuationManualTest.validateResult(ChatContinuationManualTest.java:405)
	at com.jiedan.service.ai.ChatContinuationManualTest.testTaskSplittingWithContinuation(ChatContinuationManualTest.java:118)
	at java.base/java.lang.reflect.Method.invoke(Method.java:568)
	at java.base/java.util.ArrayList.forEach(ArrayList.java:1511)
	at java.base/java.util.ArrayList.forEach(ArrayList.java:1511)

