<?xml version="1.0" encoding="UTF-8"?>
<testsuite xmlns:xsi="http://www.w3.org/2001/XMLSchema-instance" xsi:noNamespaceSchemaLocation="https://maven.apache.org/surefire/maven-surefire-plugin/xsd/surefire-test-report-3.0.xsd" version="3.0" name="com.jiedan.service.ai.ChatContinuationSimpleTest" time="0.217" tests="1" errors="0" skipped="0" failures="0">
  <properties>
[...]
</properties>
  <testcase name="testContinuationLogic" classname="com.jiedan.service.ai.ChatContinuationSimpleTest" time="0.058">
    <system-out><![CDATA[02:58:21.406 [main] INFO com.jiedan.service.ai.ChatContinuationSimpleTest -- ========== 测试续传机制核心逻辑 ==========
02:58:21.412 [main] INFO com.jiedan.service.ai.ChatContinuationSimpleTest -- 输入长度: 2972 字符
02:58:21.414 [main] INFO com.jiedan.service.ai.ChatContinuationSimpleTest -- 开始模拟续传过程...
02:58:21.414 [main] INFO com.jiedan.service.ai.ChatContinuationSimpleTest -- 第1次生成...
02:58:21.415 [main] INFO com.jiedan.service.ai.ChatContinuationSimpleTest -- 内容被截断，触发续传机制
02:58:21.415 [main] INFO com.jiedan.service.ai.ChatContinuationSimpleTest -- 第2次生成...
02:58:21.415 [main] INFO com.jiedan.service.ai.ChatContinuationSimpleTest -- 内容被截断，触发续传机制
02:58:21.415 [main] INFO com.jiedan.service.ai.ChatContinuationSimpleTest -- 第3次生成...
02:58:21.415 [main] INFO com.jiedan.service.ai.ChatContinuationSimpleTest -- 续传完成，共3次调用
02:58:21.415 [main] INFO com.jiedan.service.ai.ChatContinuationSimpleTest -- 总输出长度: 2052 字符
02:58:21.421 [main] INFO com.jiedan.service.ai.ChatContinuationSimpleTest -- ✓ 结果已保存: D:\jiedan_auto_get_clients\springboot-backend\src\test\resources\continuation-test\simple-test\continuation-test-result.md
02:58:21.421 [main] INFO com.jiedan.service.ai.ChatContinuationSimpleTest -- ✓ 续传机制核心逻辑测试通过
]]></system-out>
  </testcase>
</testsuite>